[INFO][<module>][2017-11-16 10:51:40,007]test over
[INFO][<module>][2017-11-16 11:35:51,292]test over
[INFO][<module>][2017-11-16 11:36:17,627]test over
[INFO][setUp][2017-11-16 11:36:52,690]test_02
[INFO][test_passenger][2017-11-16 11:36:52,690]test_passenger
[INFO][<module>][2017-11-16 11:36:59,296]test over
[INFO][<module>][2017-11-16 11:36:59,296]test over
[INFO][<module>][2017-11-16 11:38:28,680]test over
[INFO][setUp][2017-11-16 11:39:00,138]test_02
[INFO][test_passenger][2017-11-16 11:39:05,151]test_passenger
[INFO][test_passenger][2017-11-16 11:39:25,157]未登录
[INFO][<module>][2017-11-16 11:39:26,030]test over
[INFO][<module>][2017-11-16 11:39:26,030]test over
[INFO][<module>][2017-11-16 11:40:55,775]test over
[INFO][setUp][2017-11-16 11:41:59,546]test_02
[INFO][test_passenger][2017-11-16 11:42:04,561]test_passenger
[INFO][<module>][2017-11-16 11:42:10,206]test over
[INFO][<module>][2017-11-16 11:42:10,206]test over
[INFO][setUp][2017-11-16 11:42:56,598]test_02
[INFO][test_passenger][2017-11-16 11:43:01,601]test_passenger
[INFO][setUp][2017-11-16 11:44:29,589]test_02
[INFO][test_passenger][2017-11-16 11:44:34,595]test_passenger
[INFO][<module>][2017-11-16 11:44:45,697]test over
[INFO][<module>][2017-11-16 11:44:45,697]test over
[INFO][setUp][2017-11-16 11:45:51,480]test_02
[INFO][test_passenger][2017-11-16 11:45:56,486]test_passenger
[INFO][<module>][2017-11-16 11:46:37,388]test over
[INFO][<module>][2017-11-16 11:46:37,388]test over
[INFO][setUp][2017-11-16 11:59:37,529]test_02
[INFO][test_passenger][2017-11-16 11:59:42,536]test_passenger
[INFO][<module>][2017-11-16 11:59:56,404]test over
[INFO][<module>][2017-11-16 11:59:56,404]test over
[INFO][<module>][2017-11-16 14:51:26,198]test over
[INFO][<module>][2017-11-16 14:52:13,905]test over
[INFO][<module>][2017-11-16 14:53:20,134]test over
[INFO][setUp][2017-11-16 14:54:14,637]test_02
[INFO][test_passenger][2017-11-16 14:54:19,647]test_passenger
[INFO][<module>][2017-11-16 14:54:34,894]test over
[INFO][<module>][2017-11-16 14:54:34,894]test over
[INFO][<module>][2017-11-16 19:33:46,007]test over
[INFO][<module>][2017-11-16 19:34:40,250]test over
[INFO][<module>][2017-11-16 19:35:31,463]test over
[INFO][<module>][2017-11-16 19:37:07,779]test over
[INFO][<module>][2017-11-16 19:38:38,569]test over
[INFO][setUp][2017-11-16 19:38:56,802]test_02
[INFO][test_passenger][2017-11-16 19:39:01,802]test_passenger
[INFO][<module>][2017-11-16 19:39:15,437]test over
[INFO][<module>][2017-11-16 19:39:15,437]test over
[INFO][setUp][2017-11-16 19:45:22,345]test_02
[INFO][test_passenger][2017-11-16 19:45:30,029]test_passenger
[INFO][<module>][2017-11-16 20:50:15,056]test over
[INFO][setUp][2017-11-16 20:51:14,500]test_02
[INFO][test_passenger][2017-11-16 20:51:19,509]test_passenger
[INFO][<module>][2017-11-16 20:51:33,683]test over
[INFO][<module>][2017-11-16 20:51:33,683]test over
[INFO][setUp][2017-11-16 20:52:09,298]test_02
[INFO][test_passenger][2017-11-16 20:52:14,309]test_passenger
[INFO][<module>][2017-11-16 20:52:31,579]test over
[INFO][<module>][2017-11-16 20:52:31,579]test over
[INFO][setUp][2017-11-16 20:57:18,457]test_02
[INFO][test_passenger][2017-11-16 20:57:23,464]test_passenger
[INFO][<module>][2017-11-16 20:58:55,490]test over
[INFO][<module>][2017-11-16 20:58:55,490]test over
[INFO][<module>][2017-11-16 21:21:57,953]test over
[INFO][setUp][2017-11-16 21:22:20,960]test_02
[INFO][test_passenger][2017-11-16 21:22:25,970]test_passenger
[INFO][<module>][2017-11-16 21:22:44,101]test over
[INFO][<module>][2017-11-16 21:22:44,101]test over
[INFO][setUp][2017-11-16 21:23:23,073]test_02
[INFO][test_passenger][2017-11-16 21:23:28,075]test_passenger
[INFO][<module>][2017-11-16 21:24:56,210]test over
[INFO][<module>][2017-11-16 21:24:56,210]test over
[INFO][setUp][2017-11-16 22:00:31,581]test_02
[INFO][test_passenger][2017-11-16 22:00:36,588]test_passenger
[INFO][setUp][2017-11-16 22:08:22,964]test_02
[INFO][test_passenger][2017-11-16 22:08:28,019]test_passenger
[INFO][setUp][2017-11-16 22:14:05,352]test_02
[INFO][test_passenger][2017-11-16 22:14:10,365]test_passenger
[INFO][setUp][2017-11-16 22:19:21,535]test_02
[INFO][test_passenger][2017-11-16 22:19:26,539]test_passenger
[INFO][setUp][2017-11-16 22:32:55,081]test_02
[INFO][test_passenger][2017-11-16 22:33:00,082]test_passenger
[INFO][<module>][2017-11-16 22:33:46,084]test over
[INFO][<module>][2017-11-16 22:33:46,084]test over
[INFO][setUp][2017-11-16 22:36:08,102]test_02
[INFO][test_passenger][2017-11-16 22:36:13,104]test_passenger
[INFO][<module>][2017-11-16 22:37:47,842]test over
[INFO][<module>][2017-11-16 22:37:47,842]test over
