[INFO][setUp][2017-12-03 19:42:24,348]test_01
[INFO][setUp][2017-12-03 19:42:24,348]test_01
[INFO][setUp][2017-12-03 19:42:24,348]test_01
[INFO][setUp][2017-12-03 19:42:26,920]test_01
[INFO][setUp][2017-12-03 19:42:26,920]test_01
[INFO][setUp][2017-12-03 19:42:26,920]test_01
[INFO][setUp][2017-12-03 19:42:26,920]test_01
[INFO][setUp][2017-12-03 19:42:29,168]test_01
[INFO][setUp][2017-12-03 19:42:29,168]test_01
[INFO][setUp][2017-12-03 19:42:29,168]test_01
[INFO][setUp][2017-12-03 19:42:29,168]test_01
[INFO][setUp][2017-12-03 19:42:29,168]test_01
[INFO][setUp][2017-12-03 19:42:31,184]test_01
[INFO][setUp][2017-12-03 19:42:31,184]test_01
[INFO][setUp][2017-12-03 19:42:31,184]test_01
[INFO][setUp][2017-12-03 19:42:31,184]test_01
[INFO][setUp][2017-12-03 19:42:31,184]test_01
[INFO][setUp][2017-12-03 19:42:31,184]test_01
[INFO][run][2017-12-03 19:42:38,321]test over
[INFO][run][2017-12-03 19:42:38,321]test over
[INFO][run][2017-12-03 19:42:38,321]test over
[INFO][run][2017-12-03 19:42:38,321]test over
[INFO][run][2017-12-03 19:42:38,321]test over
[INFO][run][2017-12-03 19:42:38,321]test over
[INFO][run][2017-12-03 19:42:38,321]test over
[INFO][run][2017-12-03 19:42:38,430]test over
[INFO][run][2017-12-03 19:42:38,430]test over
[INFO][run][2017-12-03 19:42:38,430]test over
[INFO][run][2017-12-03 19:42:38,430]test over
[INFO][run][2017-12-03 19:42:38,430]test over
[INFO][run][2017-12-03 19:42:38,430]test over
[INFO][run][2017-12-03 19:42:38,430]test over
[INFO][run][2017-12-03 19:42:38,430]test over
[INFO][setUp][2017-12-03 19:43:37,269]test_01
[INFO][setUp][2017-12-03 19:43:37,269]test_01
[INFO][setUp][2017-12-03 19:43:37,269]test_01
[INFO][setUp][2017-12-03 19:43:42,259]test_01
[INFO][setUp][2017-12-03 19:43:42,259]test_01
[INFO][setUp][2017-12-03 19:43:42,259]test_01
[INFO][setUp][2017-12-03 19:43:42,259]test_01
[INFO][getlogin][2017-12-03 19:43:50,269]login
[INFO][getlogin][2017-12-03 19:43:50,269]login
[INFO][getlogin][2017-12-03 19:43:50,269]login
[INFO][getlogin][2017-12-03 19:43:50,269]login
[INFO][getlogin][2017-12-03 19:43:54,085]login
[INFO][getlogin][2017-12-03 19:43:54,085]login
[INFO][getlogin][2017-12-03 19:43:54,085]login
[INFO][getlogin][2017-12-03 19:43:54,085]login
[INFO][setUp][2017-12-03 19:44:28,680]test_01
[INFO][setUp][2017-12-03 19:44:28,680]test_01
[INFO][setUp][2017-12-03 19:44:28,680]test_01
[INFO][setUp][2017-12-03 19:44:28,680]test_01
[INFO][setUp][2017-12-03 19:44:28,680]test_01
[INFO][setUp][2017-12-03 19:44:32,921]test_01
[INFO][setUp][2017-12-03 19:44:32,921]test_01
[INFO][setUp][2017-12-03 19:44:32,921]test_01
[INFO][setUp][2017-12-03 19:44:32,921]test_01
[INFO][setUp][2017-12-03 19:44:32,921]test_01
[INFO][setUp][2017-12-03 19:44:32,921]test_01
[INFO][getlogin][2017-12-03 19:44:45,059]login
[INFO][getlogin][2017-12-03 19:44:45,059]login
[INFO][getlogin][2017-12-03 19:44:45,059]login
[INFO][getlogin][2017-12-03 19:44:45,059]login
[INFO][getlogin][2017-12-03 19:44:45,059]login
[INFO][getlogin][2017-12-03 19:44:45,059]login
[INFO][getlogin][2017-12-03 19:44:53,279]login
[INFO][getlogin][2017-12-03 19:44:53,279]login
[INFO][getlogin][2017-12-03 19:44:53,279]login
[INFO][getlogin][2017-12-03 19:44:53,279]login
[INFO][getlogin][2017-12-03 19:44:53,279]login
[INFO][getlogin][2017-12-03 19:44:53,279]login
[INFO][find_element][2017-12-03 19:45:00,088]<page.loginPage.loginPage object at 0x0000000003114208> 页面没有找到('id', 'com.igola.travel:id/account_btn')元素
[INFO][find_element][2017-12-03 19:45:00,088]<page.loginPage.loginPage object at 0x0000000003114208> 页面没有找到('id', 'com.igola.travel:id/account_btn')元素
[INFO][find_element][2017-12-03 19:45:00,088]<page.loginPage.loginPage object at 0x0000000003114208> 页面没有找到('id', 'com.igola.travel:id/account_btn')元素
[INFO][find_element][2017-12-03 19:45:00,088]<page.loginPage.loginPage object at 0x0000000003114208> 页面没有找到('id', 'com.igola.travel:id/account_btn')元素
[INFO][find_element][2017-12-03 19:45:00,088]<page.loginPage.loginPage object at 0x0000000003114208> 页面没有找到('id', 'com.igola.travel:id/account_btn')元素
[INFO][find_element][2017-12-03 19:45:00,088]<page.loginPage.loginPage object at 0x0000000003114208> 页面没有找到('id', 'com.igola.travel:id/account_btn')元素
[INFO][run][2017-12-03 19:45:00,460]test over
[INFO][run][2017-12-03 19:45:00,460]test over
[INFO][run][2017-12-03 19:45:00,460]test over
[INFO][run][2017-12-03 19:45:00,460]test over
[INFO][run][2017-12-03 19:45:00,460]test over
[INFO][run][2017-12-03 19:45:00,460]test over
[INFO][run][2017-12-03 19:45:00,460]test over
[INFO][find_element][2017-12-03 19:45:09,296]<page.loginPage.loginPage object at 0x0000000003114C18> 页面没有找到('id', 'com.igola.travel:id/account_btn')元素
[INFO][find_element][2017-12-03 19:45:09,296]<page.loginPage.loginPage object at 0x0000000003114C18> 页面没有找到('id', 'com.igola.travel:id/account_btn')元素
[INFO][find_element][2017-12-03 19:45:09,296]<page.loginPage.loginPage object at 0x0000000003114C18> 页面没有找到('id', 'com.igola.travel:id/account_btn')元素
[INFO][find_element][2017-12-03 19:45:09,296]<page.loginPage.loginPage object at 0x0000000003114C18> 页面没有找到('id', 'com.igola.travel:id/account_btn')元素
[INFO][find_element][2017-12-03 19:45:09,296]<page.loginPage.loginPage object at 0x0000000003114C18> 页面没有找到('id', 'com.igola.travel:id/account_btn')元素
[INFO][find_element][2017-12-03 19:45:09,296]<page.loginPage.loginPage object at 0x0000000003114C18> 页面没有找到('id', 'com.igola.travel:id/account_btn')元素
[INFO][find_element][2017-12-03 19:45:09,296]<page.loginPage.loginPage object at 0x0000000003114C18> 页面没有找到('id', 'com.igola.travel:id/account_btn')元素
[INFO][setUp][2017-12-03 19:49:38,927]test_01
[INFO][setUp][2017-12-03 19:49:38,927]test_01
[INFO][setUp][2017-12-03 19:49:38,927]test_01
[INFO][setUp][2017-12-03 19:49:43,914]test_01
[INFO][setUp][2017-12-03 19:49:43,914]test_01
[INFO][setUp][2017-12-03 19:49:43,914]test_01
[INFO][setUp][2017-12-03 19:49:43,914]test_01
[INFO][getlogin][2017-12-03 19:50:08,763]login
[INFO][getlogin][2017-12-03 19:50:08,763]login
[INFO][getlogin][2017-12-03 19:50:08,763]login
[INFO][getlogin][2017-12-03 19:50:08,763]login
[INFO][getlogin][2017-12-03 19:50:20,424]login
[INFO][getlogin][2017-12-03 19:50:20,424]login
[INFO][getlogin][2017-12-03 19:50:20,424]login
[INFO][getlogin][2017-12-03 19:50:20,424]login
[INFO][setUp][2017-12-03 19:50:59,884]test_01
[INFO][setUp][2017-12-03 19:50:59,884]test_01
[INFO][setUp][2017-12-03 19:50:59,884]test_01
[INFO][setUp][2017-12-03 19:50:59,884]test_01
[INFO][setUp][2017-12-03 19:50:59,884]test_01
[INFO][setUp][2017-12-03 19:51:00,322]test_01
[INFO][setUp][2017-12-03 19:51:00,322]test_01
[INFO][setUp][2017-12-03 19:51:00,322]test_01
[INFO][setUp][2017-12-03 19:51:00,322]test_01
[INFO][setUp][2017-12-03 19:51:00,322]test_01
[INFO][setUp][2017-12-03 19:51:00,322]test_01
[INFO][getlogin][2017-12-03 19:51:28,019]login
[INFO][getlogin][2017-12-03 19:51:28,019]login
[INFO][getlogin][2017-12-03 19:51:28,019]login
[INFO][getlogin][2017-12-03 19:51:28,019]login
[INFO][getlogin][2017-12-03 19:51:28,019]login
[INFO][getlogin][2017-12-03 19:51:28,019]login
[INFO][getlogin][2017-12-03 19:51:36,391]login
[INFO][getlogin][2017-12-03 19:51:36,391]login
[INFO][getlogin][2017-12-03 19:51:36,391]login
[INFO][getlogin][2017-12-03 19:51:36,391]login
[INFO][getlogin][2017-12-03 19:51:36,391]login
[INFO][getlogin][2017-12-03 19:51:36,391]login
[INFO][find_element][2017-12-03 19:51:43,055]<page.loginPage.loginPage object at 0x0000000004A57CC0> 页面没有找到('id', 'com.igola.travel:id/account_btn')元素
[INFO][find_element][2017-12-03 19:51:43,055]<page.loginPage.loginPage object at 0x0000000004A57CC0> 页面没有找到('id', 'com.igola.travel:id/account_btn')元素
[INFO][find_element][2017-12-03 19:51:43,055]<page.loginPage.loginPage object at 0x0000000004A57CC0> 页面没有找到('id', 'com.igola.travel:id/account_btn')元素
[INFO][find_element][2017-12-03 19:51:43,055]<page.loginPage.loginPage object at 0x0000000004A57CC0> 页面没有找到('id', 'com.igola.travel:id/account_btn')元素
[INFO][find_element][2017-12-03 19:51:43,055]<page.loginPage.loginPage object at 0x0000000004A57CC0> 页面没有找到('id', 'com.igola.travel:id/account_btn')元素
[INFO][find_element][2017-12-03 19:51:43,055]<page.loginPage.loginPage object at 0x0000000004A57CC0> 页面没有找到('id', 'com.igola.travel:id/account_btn')元素
[INFO][run][2017-12-03 19:51:43,778]test over
[INFO][run][2017-12-03 19:51:43,778]test over
[INFO][run][2017-12-03 19:51:43,778]test over
[INFO][run][2017-12-03 19:51:43,778]test over
[INFO][run][2017-12-03 19:51:43,778]test over
[INFO][run][2017-12-03 19:51:43,778]test over
[INFO][run][2017-12-03 19:51:43,778]test over
[INFO][find_element][2017-12-03 19:51:52,418]<page.loginPage.loginPage object at 0x00000000049FB358> 页面没有找到('id', 'com.igola.travel:id/account_btn')元素
[INFO][find_element][2017-12-03 19:51:52,418]<page.loginPage.loginPage object at 0x00000000049FB358> 页面没有找到('id', 'com.igola.travel:id/account_btn')元素
[INFO][find_element][2017-12-03 19:51:52,418]<page.loginPage.loginPage object at 0x00000000049FB358> 页面没有找到('id', 'com.igola.travel:id/account_btn')元素
[INFO][find_element][2017-12-03 19:51:52,418]<page.loginPage.loginPage object at 0x00000000049FB358> 页面没有找到('id', 'com.igola.travel:id/account_btn')元素
[INFO][find_element][2017-12-03 19:51:52,418]<page.loginPage.loginPage object at 0x00000000049FB358> 页面没有找到('id', 'com.igola.travel:id/account_btn')元素
[INFO][find_element][2017-12-03 19:51:52,418]<page.loginPage.loginPage object at 0x00000000049FB358> 页面没有找到('id', 'com.igola.travel:id/account_btn')元素
[INFO][find_element][2017-12-03 19:51:52,418]<page.loginPage.loginPage object at 0x00000000049FB358> 页面没有找到('id', 'com.igola.travel:id/account_btn')元素
[INFO][setUp][2017-12-03 20:53:45,625]test_01
[INFO][setUp][2017-12-03 20:53:45,625]test_01
[INFO][setUp][2017-12-03 20:53:45,625]test_01
[INFO][setUp][2017-12-03 20:53:50,624]test_01
[INFO][setUp][2017-12-03 20:53:50,624]test_01
[INFO][setUp][2017-12-03 20:53:50,624]test_01
[INFO][setUp][2017-12-03 20:53:50,624]test_01
[INFO][setUp][2017-12-03 20:53:59,782]test_01
[INFO][setUp][2017-12-03 20:53:59,782]test_01
[INFO][setUp][2017-12-03 20:53:59,782]test_01
[INFO][setUp][2017-12-03 20:53:59,782]test_01
[INFO][setUp][2017-12-03 20:53:59,782]test_01
[INFO][run][2017-12-03 20:54:00,322]test over
[INFO][run][2017-12-03 20:54:00,322]test over
[INFO][run][2017-12-03 20:54:00,322]test over
[INFO][run][2017-12-03 20:54:00,322]test over
[INFO][run][2017-12-03 20:54:00,322]test over
[INFO][run][2017-12-03 20:54:00,322]test over
[INFO][setUp][2017-12-03 20:54:00,325]test_01
[INFO][setUp][2017-12-03 20:54:00,325]test_01
[INFO][setUp][2017-12-03 20:54:00,325]test_01
[INFO][setUp][2017-12-03 20:54:00,325]test_01
[INFO][setUp][2017-12-03 20:54:00,325]test_01
[INFO][setUp][2017-12-03 20:54:00,325]test_01
[INFO][setUp][2017-12-03 20:54:00,325]test_01
[INFO][setUp][2017-12-03 20:54:49,680]test_01
[INFO][setUp][2017-12-03 20:54:49,680]test_01
[INFO][setUp][2017-12-03 20:54:49,680]test_01
[INFO][setUp][2017-12-03 20:54:54,644]test_01
[INFO][setUp][2017-12-03 20:54:54,644]test_01
[INFO][setUp][2017-12-03 20:54:54,644]test_01
[INFO][setUp][2017-12-03 20:54:54,644]test_01
[INFO][setUp][2017-12-03 20:55:44,003]test_01
[INFO][setUp][2017-12-03 20:55:44,003]test_01
[INFO][setUp][2017-12-03 20:55:44,003]test_01
[INFO][setUp][2017-12-03 20:55:44,003]test_01
[INFO][setUp][2017-12-03 20:55:44,003]test_01
[INFO][setUp][2017-12-03 20:55:55,733]test_01
[INFO][setUp][2017-12-03 20:55:55,733]test_01
[INFO][setUp][2017-12-03 20:55:55,733]test_01
[INFO][setUp][2017-12-03 20:55:55,733]test_01
[INFO][setUp][2017-12-03 20:55:55,733]test_01
[INFO][setUp][2017-12-03 20:55:55,733]test_01
[INFO][run][2017-12-03 20:56:13,319]test over
[INFO][run][2017-12-03 20:56:13,319]test over
[INFO][run][2017-12-03 20:56:13,319]test over
[INFO][run][2017-12-03 20:56:13,319]test over
[INFO][run][2017-12-03 20:56:13,319]test over
[INFO][run][2017-12-03 20:56:13,319]test over
[INFO][run][2017-12-03 20:56:13,319]test over
[INFO][run][2017-12-03 20:56:13,359]test over
[INFO][run][2017-12-03 20:56:13,359]test over
[INFO][run][2017-12-03 20:56:13,359]test over
[INFO][run][2017-12-03 20:56:13,359]test over
[INFO][run][2017-12-03 20:56:13,359]test over
[INFO][run][2017-12-03 20:56:13,359]test over
[INFO][run][2017-12-03 20:56:13,359]test over
[INFO][run][2017-12-03 20:56:13,359]test over
[INFO][setUp][2017-12-03 20:57:17,566]test_01
[INFO][setUp][2017-12-03 20:57:17,566]test_01
[INFO][setUp][2017-12-03 20:57:17,566]test_01
[INFO][setUp][2017-12-03 20:57:22,552]test_01
[INFO][setUp][2017-12-03 20:57:22,552]test_01
[INFO][setUp][2017-12-03 20:57:22,552]test_01
[INFO][setUp][2017-12-03 20:57:22,552]test_01
[INFO][setUp][2017-12-03 20:57:28,713]test_01
[INFO][setUp][2017-12-03 20:57:28,713]test_01
[INFO][setUp][2017-12-03 20:57:28,713]test_01
[INFO][setUp][2017-12-03 20:57:28,713]test_01
[INFO][setUp][2017-12-03 20:57:28,713]test_01
[INFO][setUp][2017-12-03 20:57:30,049]test_01
[INFO][setUp][2017-12-03 20:57:30,049]test_01
[INFO][setUp][2017-12-03 20:57:30,049]test_01
[INFO][setUp][2017-12-03 20:57:30,049]test_01
[INFO][setUp][2017-12-03 20:57:30,049]test_01
[INFO][setUp][2017-12-03 20:57:30,049]test_01
[INFO][run][2017-12-03 20:57:38,615]test over
[INFO][run][2017-12-03 20:57:38,615]test over
[INFO][run][2017-12-03 20:57:38,615]test over
[INFO][run][2017-12-03 20:57:38,615]test over
[INFO][run][2017-12-03 20:57:38,615]test over
[INFO][run][2017-12-03 20:57:38,615]test over
[INFO][run][2017-12-03 20:57:38,615]test over
[INFO][run][2017-12-03 20:57:38,763]test over
[INFO][run][2017-12-03 20:57:38,763]test over
[INFO][run][2017-12-03 20:57:38,763]test over
[INFO][run][2017-12-03 20:57:38,763]test over
[INFO][run][2017-12-03 20:57:38,763]test over
[INFO][run][2017-12-03 20:57:38,763]test over
[INFO][run][2017-12-03 20:57:38,763]test over
[INFO][run][2017-12-03 20:57:38,763]test over
[INFO][setUp][2017-12-03 20:58:46,647]test_01
[INFO][setUp][2017-12-03 20:58:46,647]test_01
[INFO][setUp][2017-12-03 20:58:46,647]test_01
[INFO][setUp][2017-12-03 20:58:51,625]test_01
[INFO][setUp][2017-12-03 20:58:51,625]test_01
[INFO][setUp][2017-12-03 20:58:51,625]test_01
[INFO][setUp][2017-12-03 20:58:51,625]test_01
[DEBUG][__init__][2017-12-03 20:58:57,154]486533fd33df
[DEBUG][__init__][2017-12-03 20:58:57,154]486533fd33df
[DEBUG][__init__][2017-12-03 20:58:57,154]486533fd33df
[DEBUG][__init__][2017-12-03 20:58:57,154]486533fd33df
[INFO][getlogin][2017-12-03 20:58:57,154]login
[INFO][getlogin][2017-12-03 20:58:57,154]login
[INFO][getlogin][2017-12-03 20:58:57,154]login
[INFO][getlogin][2017-12-03 20:58:57,154]login
[DEBUG][__init__][2017-12-03 20:59:20,068]486533fd33df
[DEBUG][__init__][2017-12-03 20:59:20,068]486533fd33df
[DEBUG][__init__][2017-12-03 20:59:20,068]486533fd33df
[DEBUG][__init__][2017-12-03 20:59:20,068]486533fd33df
[INFO][getlogin][2017-12-03 20:59:20,069]login
[INFO][getlogin][2017-12-03 20:59:20,069]login
[INFO][getlogin][2017-12-03 20:59:20,069]login
[INFO][getlogin][2017-12-03 20:59:20,069]login
[INFO][setUp][2017-12-03 20:59:46,598]test_01
[INFO][setUp][2017-12-03 20:59:46,598]test_01
[INFO][setUp][2017-12-03 20:59:46,598]test_01
[INFO][setUp][2017-12-03 20:59:46,598]test_01
[INFO][setUp][2017-12-03 20:59:46,598]test_01
[INFO][setUp][2017-12-03 20:59:47,049]test_01
[INFO][setUp][2017-12-03 20:59:47,049]test_01
[INFO][setUp][2017-12-03 20:59:47,049]test_01
[INFO][setUp][2017-12-03 20:59:47,049]test_01
[INFO][setUp][2017-12-03 20:59:47,049]test_01
[INFO][setUp][2017-12-03 20:59:47,049]test_01
[DEBUG][__init__][2017-12-03 20:59:55,734]486533fd33df
[DEBUG][__init__][2017-12-03 20:59:55,734]486533fd33df
[DEBUG][__init__][2017-12-03 20:59:55,734]486533fd33df
[DEBUG][__init__][2017-12-03 20:59:55,734]486533fd33df
[DEBUG][__init__][2017-12-03 20:59:55,734]486533fd33df
[DEBUG][__init__][2017-12-03 20:59:55,734]486533fd33df
[INFO][getlogin][2017-12-03 20:59:55,736]login
[INFO][getlogin][2017-12-03 20:59:55,736]login
[INFO][getlogin][2017-12-03 20:59:55,736]login
[INFO][getlogin][2017-12-03 20:59:55,736]login
[INFO][getlogin][2017-12-03 20:59:55,736]login
[INFO][getlogin][2017-12-03 20:59:55,736]login
[DEBUG][__init__][2017-12-03 21:00:04,311]486533fd33df
[DEBUG][__init__][2017-12-03 21:00:04,311]486533fd33df
[DEBUG][__init__][2017-12-03 21:00:04,311]486533fd33df
[DEBUG][__init__][2017-12-03 21:00:04,311]486533fd33df
[DEBUG][__init__][2017-12-03 21:00:04,311]486533fd33df
[DEBUG][__init__][2017-12-03 21:00:04,311]486533fd33df
[INFO][getlogin][2017-12-03 21:00:04,312]login
[INFO][getlogin][2017-12-03 21:00:04,312]login
[INFO][getlogin][2017-12-03 21:00:04,312]login
[INFO][getlogin][2017-12-03 21:00:04,312]login
[INFO][getlogin][2017-12-03 21:00:04,312]login
[INFO][getlogin][2017-12-03 21:00:04,312]login
[INFO][find_element][2017-12-03 21:00:10,763]<page.loginPage.loginPage object at 0x0000000003066470> 页面没有找到('id', 'com.igola.travel:id/account_btn')元素
[INFO][find_element][2017-12-03 21:00:10,763]<page.loginPage.loginPage object at 0x0000000003066470> 页面没有找到('id', 'com.igola.travel:id/account_btn')元素
[INFO][find_element][2017-12-03 21:00:10,763]<page.loginPage.loginPage object at 0x0000000003066470> 页面没有找到('id', 'com.igola.travel:id/account_btn')元素
[INFO][find_element][2017-12-03 21:00:10,763]<page.loginPage.loginPage object at 0x0000000003066470> 页面没有找到('id', 'com.igola.travel:id/account_btn')元素
[INFO][find_element][2017-12-03 21:00:10,763]<page.loginPage.loginPage object at 0x0000000003066470> 页面没有找到('id', 'com.igola.travel:id/account_btn')元素
[INFO][find_element][2017-12-03 21:00:10,763]<page.loginPage.loginPage object at 0x0000000003066470> 页面没有找到('id', 'com.igola.travel:id/account_btn')元素
[INFO][run][2017-12-03 21:00:11,101]test over
[INFO][run][2017-12-03 21:00:11,101]test over
[INFO][run][2017-12-03 21:00:11,101]test over
[INFO][run][2017-12-03 21:00:11,101]test over
[INFO][run][2017-12-03 21:00:11,101]test over
[INFO][run][2017-12-03 21:00:11,101]test over
[INFO][run][2017-12-03 21:00:11,101]test over
[INFO][find_element][2017-12-03 21:00:20,342]<page.loginPage.loginPage object at 0x000000000300A048> 页面没有找到('id', 'com.igola.travel:id/account_btn')元素
[INFO][find_element][2017-12-03 21:00:20,342]<page.loginPage.loginPage object at 0x000000000300A048> 页面没有找到('id', 'com.igola.travel:id/account_btn')元素
[INFO][find_element][2017-12-03 21:00:20,342]<page.loginPage.loginPage object at 0x000000000300A048> 页面没有找到('id', 'com.igola.travel:id/account_btn')元素
[INFO][find_element][2017-12-03 21:00:20,342]<page.loginPage.loginPage object at 0x000000000300A048> 页面没有找到('id', 'com.igola.travel:id/account_btn')元素
[INFO][find_element][2017-12-03 21:00:20,342]<page.loginPage.loginPage object at 0x000000000300A048> 页面没有找到('id', 'com.igola.travel:id/account_btn')元素
[INFO][find_element][2017-12-03 21:00:20,342]<page.loginPage.loginPage object at 0x000000000300A048> 页面没有找到('id', 'com.igola.travel:id/account_btn')元素
[INFO][find_element][2017-12-03 21:00:20,342]<page.loginPage.loginPage object at 0x000000000300A048> 页面没有找到('id', 'com.igola.travel:id/account_btn')元素
