[INFO][setUp][2017-11-28 11:26:40,071]test_03
[INFO][<module>][2017-11-28 11:26:43,845]test over
[INFO][<module>][2017-11-28 11:26:43,845]test over
[INFO][setUp][2017-11-28 11:26:58,894]test_03
[INFO][<module>][2017-11-28 11:27:03,457]test over
[INFO][<module>][2017-11-28 11:27:03,457]test over
[INFO][setUp][2017-11-28 11:27:18,908]test_03
[INFO][<module>][2017-11-28 11:27:43,635]test over
[INFO][<module>][2017-11-28 11:27:43,635]test over
[INFO][setUp][2017-11-28 11:28:00,476]test_03
[INFO][<module>][2017-11-28 11:28:11,253]test over
[INFO][<module>][2017-11-28 11:28:11,253]test over
[INFO][setUp][2017-11-28 11:29:00,987]test_03
[INFO][<module>][2017-11-28 11:29:11,349]test over
[INFO][<module>][2017-11-28 11:29:11,349]test over
[INFO][setUp][2017-11-28 11:29:45,319]test_03
[INFO][setUp][2017-11-28 11:30:58,520]test_03
[INFO][setUp][2017-11-28 11:31:23,114]test_03
[INFO][<module>][2017-11-28 11:32:53,513]test over
[INFO][<module>][2017-11-28 11:32:53,513]test over
[INFO][setUp][2017-11-28 11:34:20,032]test_03
[INFO][<module>][2017-11-28 11:34:30,775]test over
[INFO][<module>][2017-11-28 11:34:30,775]test over
[INFO][setUp][2017-11-28 11:35:11,293]test_03
[INFO][setUp][2017-11-28 11:39:48,750]test_03
[INFO][find_elements][2017-11-28 11:39:59,210]<page.passengerListPage.passengerListPage object at 0x0000000003B57198> 页面没有找到(('id', 'com.igola.travel:id/find_flight_btn'),)元素
[INFO][<module>][2017-11-28 11:39:59,368]test over
[INFO][<module>][2017-11-28 11:39:59,368]test over
[INFO][setUp][2017-11-28 11:54:27,233]test_03
[INFO][find_element][2017-11-28 11:54:37,936]<page.passengerListPage.passengerListPage object at 0x0000000003A37400> 页面没有找到(('id', 'com.igola.travel:id/find_flight_btn'),)元素
[INFO][<module>][2017-11-28 11:54:38,207]test over
[INFO][<module>][2017-11-28 11:54:38,207]test over
[INFO][setUp][2017-11-28 11:55:53,092]test_03
[INFO][find_element][2017-11-28 11:56:03,562]<page.passengerListPage.passengerListPage object at 0x0000000003CB40B8> 页面没有找到(('id', 'com.igola.travel:id/find_flight_btn'),)元素
[INFO][<module>][2017-11-28 11:56:03,690]test over
[INFO][<module>][2017-11-28 11:56:03,690]test over
[INFO][setUp][2017-11-28 11:59:42,542]test_03
[INFO][find_element][2017-11-28 11:59:53,065]<page.passengerListPage.passengerListPage object at 0x0000000003A10518> 页面没有找到(('id', 'com.igola.travel:id/find_flight_btn'),)元素
[INFO][<module>][2017-11-28 11:59:53,289]test over
[INFO][<module>][2017-11-28 11:59:53,289]test over
[INFO][setUp][2017-11-28 13:43:03,440]test_03
[INFO][find_element][2017-11-28 13:43:21,859]<page.passengerListPage.passengerListPage object at 0x00000000035C3978> 页面没有找到(('id', 'com.igola.travel:id/find_flight_btn'),)元素
[INFO][<module>][2017-11-28 13:43:22,592]test over
[INFO][<module>][2017-11-28 13:43:22,592]test over
[INFO][setUp][2017-11-28 13:44:03,724]test_03
[INFO][find_element][2017-11-28 13:44:57,431]<page.passengerListPage.passengerListPage object at 0x00000000043429B0> 页面没有找到(('id', 'com.igola.travel:id/find_flight_btn'),)元素
[INFO][<module>][2017-11-28 13:45:08,434]test over
[INFO][<module>][2017-11-28 13:45:08,434]test over
[INFO][setUp][2017-11-28 13:48:36,341]test_03
[INFO][setUp][2017-11-28 13:52:00,973]test_03
[INFO][find_element][2017-11-28 13:52:42,835]<page.passengerListPage.passengerListPage object at 0x00000000039CBBE0> 页面没有找到(('id', 'com.igola.travel:id/find_flight_btn'),)元素
[INFO][<module>][2017-11-28 13:52:42,921]test over
[INFO][<module>][2017-11-28 13:52:42,921]test over
[INFO][setUp][2017-11-28 13:58:10,117]test_03
[INFO][find_element][2017-11-28 13:59:13,674]<page.passengerListPage.passengerListPage object at 0x0000000003FDBC50> 页面没有找到(('id', 'com.igola.travel:id/find_flight_btn'),)元素
[INFO][<module>][2017-11-28 13:59:19,359]test over
[INFO][<module>][2017-11-28 13:59:19,359]test over
[INFO][setUp][2017-11-28 14:00:37,102]test_03
[INFO][find_element][2017-11-28 14:01:29,618]<page.passengerListPage.passengerListPage object at 0x0000000003A13CF8> 页面没有找到(('id', 'com.igola.travel:id/find_flight_btn'),)元素
[INFO][<module>][2017-11-28 14:01:29,698]test over
[INFO][<module>][2017-11-28 14:01:29,698]test over
[INFO][setUp][2017-11-28 14:08:38,415]test_03
[INFO][find_element][2017-11-28 14:08:48,789]<page.passengerListPage.passengerListPage object at 0x0000000003139400> 页面没有找到(('id', 'com.igola.travel:id/find_flight_btn'),)元素
[INFO][<module>][2017-11-28 14:08:49,039]test over
[INFO][<module>][2017-11-28 14:08:49,039]test over
[INFO][setUp][2017-11-28 14:09:37,602]test_03
[INFO][setUp][2017-11-28 14:14:11,927]test_03
[INFO][setUp][2017-11-28 14:16:05,888]test_03
[DEBUG][find_element][2017-11-28 14:16:31,394]('id', 'com.igola.travel:id/find_flight_btn')
[INFO][find_element][2017-11-28 14:16:43,834]<page.passengerListPage.passengerListPage object at 0x0000000003F1BC88> 页面没有找到(('id', 'com.igola.travel:id/find_flight_btn'),)元素
[INFO][<module>][2017-11-28 14:16:43,911]test over
[INFO][<module>][2017-11-28 14:16:43,911]test over
[INFO][setUp][2017-11-28 14:19:46,766]test_03
[INFO][setUp][2017-11-28 14:28:06,375]test_03
[INFO][setUp][2017-11-28 14:30:03,730]test_03
[DEBUG][find_element][2017-11-28 14:30:24,411]('id', 'com.igola.travel:id/find_flight_btn')
[INFO][find_element][2017-11-28 14:30:24,561]<page.passengerListPage.passengerListPage object at 0x000000000384BC18> 页面没有找到(('id', 'com.igola.travel:id/find_flight_btn'),)元素
[INFO][setUp][2017-11-28 14:30:43,967]test_03
[INFO][setUp][2017-11-28 14:51:35,542]test_03
[INFO][<module>][2017-11-28 14:51:38,694]test over
[INFO][<module>][2017-11-28 14:51:38,694]test over
[INFO][setUp][2017-11-28 14:52:19,197]test_03
[INFO][<module>][2017-11-28 14:53:04,622]test over
[INFO][<module>][2017-11-28 14:53:04,622]test over
[INFO][setUp][2017-11-28 15:24:45,977]test_03
[DEBUG][find_element][2017-11-28 15:25:57,164]('flight_list', ('id', 'com.igola.travel:id/results_recycler_view'))
[INFO][find_element][2017-11-28 15:25:57,194]<page.passengerListPage.passengerListPage object at 0x0000000004196D30> 页面没有找到(('flight_list', ('id', 'com.igola.travel:id/results_recycler_view')),)元素
[INFO][setUp][2017-11-28 15:28:50,640]test_03
[INFO][setUp][2017-11-28 15:31:04,671]test_03
[DEBUG][find_element][2017-11-28 16:29:45,388]('id', 'com.igola.travel:id/results_recycler_view')
[INFO][find_element][2017-11-28 16:29:45,436]<page.passengerListPage.passengerListPage object at 0x0000000004407D68> 页面没有找到(('id', 'com.igola.travel:id/results_recycler_view'),)元素
[INFO][setUp][2017-11-28 16:37:12,614]test_03
[INFO][<module>][2017-11-28 16:37:15,502]test over
[INFO][<module>][2017-11-28 16:37:15,502]test over
[INFO][setUp][2017-11-28 16:38:41,426]test_03
[DEBUG][find_element][2017-11-28 16:39:03,325]('id', 'com.igola.travel:id/results_recycler_view')
[INFO][find_element][2017-11-28 16:39:03,339]<page.passengerListPage.passengerListPage object at 0x0000000003D6B160> 页面没有找到(('id', 'com.igola.travel:id/results_recycler_view'),)元素
[INFO][<module>][2017-11-28 16:39:03,502]test over
[INFO][<module>][2017-11-28 16:39:03,502]test over
[INFO][setUp][2017-11-28 16:41:37,915]test_03
[INFO][setUp][2017-11-28 18:36:25,201]test_03
[INFO][<module>][2017-11-28 18:36:32,842]test over
[INFO][<module>][2017-11-28 18:36:32,842]test over
[INFO][setUp][2017-11-28 18:37:12,664]test_03
[INFO][<module>][2017-11-28 18:37:15,815]test over
[INFO][<module>][2017-11-28 18:37:15,815]test over
[INFO][setUp][2017-11-28 18:37:35,194]test_03
[INFO][<module>][2017-11-28 18:37:52,753]test over
[INFO][<module>][2017-11-28 18:37:52,753]test over
[INFO][setUp][2017-11-28 18:38:11,365]test_03
[INFO][<module>][2017-11-28 18:38:18,375]test over
[INFO][<module>][2017-11-28 18:38:18,375]test over
[INFO][setUp][2017-11-28 18:38:36,538]test_03
[DEBUG][find_element][2017-11-28 18:39:32,210]('id', 'com.igola.travel:id/results_recycler_view')
[INFO][find_element][2017-11-28 18:39:32,244]<page.passengerListPage.passengerListPage object at 0x0000000004044940> 页面没有找到(('id', 'com.igola.travel:id/results_recycler_view'),)元素
[INFO][setUp][2017-11-28 18:39:49,573]test_03
[DEBUG][find_element][2017-11-28 18:40:54,627]('id', 'com.igola.travel:id/results_recycler_view')
[INFO][find_element][2017-11-28 18:40:54,634]<page.passengerListPage.passengerListPage object at 0x0000000003724A20> 页面没有找到(('id', 'com.igola.travel:id/results_recycler_view'),)元素
[INFO][<module>][2017-11-28 18:41:35,808]test over
[INFO][<module>][2017-11-28 18:41:35,808]test over
[INFO][setUp][2017-11-28 18:43:31,062]test_03
[INFO][setUp][2017-11-28 18:45:12,532]test_03
[INFO][find_element][2017-11-28 18:45:25,964]<page.passengerListPage.passengerListPage object at 0x00000000035BF4A8> 页面没有找到('id', 'com.igola.travel:id/find_flight_btn')元素
[INFO][<module>][2017-11-28 18:45:26,052]test over
[INFO][<module>][2017-11-28 18:45:26,052]test over
[INFO][setUp][2017-11-28 18:45:59,278]test_03
[INFO][find_element][2017-11-28 18:46:11,048]<page.passengerListPage.passengerListPage object at 0x0000000003A1B160> 页面没有找到('id', 'com.igola.travel:id/find_flight_btn')元素
[INFO][<module>][2017-11-28 18:46:11,181]test over
[INFO][<module>][2017-11-28 18:46:11,181]test over
[INFO][setUp][2017-11-28 18:46:42,687]test_03
[INFO][find_element][2017-11-28 18:47:28,546]<page.passengerListPage.passengerListPage object at 0x0000000003D2B160> 页面没有找到('id', 'com.igola.travel:id/user_layout')元素
[INFO][<module>][2017-11-28 18:47:28,769]test over
[INFO][<module>][2017-11-28 18:47:28,769]test over
